{"level":"info","message":"PostgreSQL connected.","timestamp":"2025-11-09 00:48:40"}
{"level":"info","message":"Database connection established successfully.","timestamp":"2025-11-09 00:48:40"}
{"level":"info","message":"Server is running on port 3000.","timestamp":"2025-11-09 00:48:40"}
{"level":"info","message":"API entry point: /api","timestamp":"2025-11-09 00:48:40"}
{"level":"info","message":"Application configurations loaded into cache.","timestamp":"2025-11-09 00:48:40"}
{"level":"info","message":"Application configurations loaded into cache.","timestamp":"2025-11-09 00:52:56"}
{"level":"info","message":"PostgreSQL connected.","timestamp":"2025-11-09 00:52:56"}
{"level":"info","message":"Database connection established successfully.","timestamp":"2025-11-09 00:52:56"}
{"level":"info","message":"Server is running on port 3000.","timestamp":"2025-11-09 00:52:56"}
{"level":"info","message":"API entry point: /api","timestamp":"2025-11-09 00:52:56"}
{"cause":{},"level":"error","message":"Failed to load configurations into cache: Connection terminated due to connection timeout","stack":"Error: Connection terminated due to connection timeout\n    at C:\\Users\\Admin\\Documents\\FREE STYLE CODE TECHNOLOGIES\\BM\\node_modules\\pg-pool\\index.js:45:11\n    at processTicksAndRejections (node:internal/process/task_queues:105:5)\n    at query (C:\\Users\\Admin\\Documents\\FREE STYLE CODE TECHNOLOGIES\\BM\\src\\config\\database.ts:46:18)\n    at ConfigurationService.loadConfigurationsToCache (C:\\Users\\Admin\\Documents\\FREE STYLE CODE TECHNOLOGIES\\BM\\src\\services\\configuration.service.ts:23:30)","timestamp":"2025-11-09 22:18:34"}
{"cause":{},"level":"error","message":"PostgreSQL connection error: Connection terminated due to connection timeout","stack":"Error: Connection terminated due to connection timeout\n    at C:\\Users\\Admin\\Documents\\FREE STYLE CODE TECHNOLOGIES\\BM\\node_modules\\pg-pool\\index.js:45:11\n    at processTicksAndRejections (node:internal/process/task_queues:105:5)\n    at connectDB (C:\\Users\\Admin\\Documents\\FREE STYLE CODE TECHNOLOGIES\\BM\\src\\config\\database.ts:32:5)\n    at startServer (C:\\Users\\Admin\\Documents\\FREE STYLE CODE TECHNOLOGIES\\BM\\src\\server.ts:13:5)","timestamp":"2025-11-09 22:18:36"}
{"level":"info","message":"Application configurations loaded into cache.","timestamp":"2025-11-09 22:31:23"}
{"level":"info","message":"PostgreSQL connected.","timestamp":"2025-11-09 22:31:23"}
{"level":"info","message":"Database connection established successfully.","timestamp":"2025-11-09 22:31:23"}
{"level":"info","message":"Server is running on port 3000.","timestamp":"2025-11-09 22:31:23"}
{"level":"info","message":"API entry point: /api","timestamp":"2025-11-09 22:31:23"}
{"level":"info","message":"PostgreSQL connected.","timestamp":"2025-11-09 22:41:41"}
{"level":"info","message":"Database connection established successfully.","timestamp":"2025-11-09 22:41:41"}
{"level":"info","message":"Server is running on port 3000.","timestamp":"2025-11-09 22:41:42"}
{"level":"info","message":"API entry point: /api","timestamp":"2025-11-09 22:41:42"}
{"cause":{},"level":"error","message":"Failed to load configurations into cache: Connection terminated due to connection timeout","stack":"Error: Connection terminated due to connection timeout\n    at C:\\Users\\Admin\\Documents\\FREE STYLE CODE TECHNOLOGIES\\BM\\node_modules\\pg-pool\\index.js:45:11\n    at processTicksAndRejections (node:internal/process/task_queues:105:5)\n    at query (C:\\Users\\Admin\\Documents\\FREE STYLE CODE TECHNOLOGIES\\BM\\src\\config\\database.ts:46:18)\n    at ConfigurationService.loadConfigurationsToCache (C:\\Users\\Admin\\Documents\\FREE STYLE CODE TECHNOLOGIES\\BM\\src\\services\\configuration.service.ts:23:30)","timestamp":"2025-11-09 22:41:42"}
{"level":"info","message":"Application configurations loaded into cache.","timestamp":"2025-11-09 22:42:18"}
{"level":"info","message":"PostgreSQL connected.","timestamp":"2025-11-09 22:42:18"}
{"level":"info","message":"Database connection established successfully.","timestamp":"2025-11-09 22:42:18"}
{"level":"info","message":"Server is running on port 3000.","timestamp":"2025-11-09 22:42:18"}
{"level":"info","message":"API entry point: /api","timestamp":"2025-11-09 22:42:18"}
{"cause":{},"level":"error","message":"Failed to load configurations into cache: Connection terminated due to connection timeout","stack":"Error: Connection terminated due to connection timeout\n    at C:\\Users\\Admin\\Documents\\FREE STYLE CODE TECHNOLOGIES\\BM\\node_modules\\pg-pool\\index.js:45:11\n    at processTicksAndRejections (node:internal/process/task_queues:105:5)\n    at query (C:\\Users\\Admin\\Documents\\FREE STYLE CODE TECHNOLOGIES\\BM\\src\\config\\database.ts:46:18)\n    at ConfigurationService.loadConfigurationsToCache (C:\\Users\\Admin\\Documents\\FREE STYLE CODE TECHNOLOGIES\\BM\\src\\services\\configuration.service.ts:23:30)","timestamp":"2025-11-09 22:44:32"}
{"level":"info","message":"PostgreSQL connected.","timestamp":"2025-11-09 22:44:32"}
{"level":"info","message":"Database connection established successfully.","timestamp":"2025-11-09 22:44:32"}
{"level":"info","message":"Server is running on port 3000.","timestamp":"2025-11-09 22:44:33"}
{"level":"info","message":"API entry point: /api","timestamp":"2025-11-09 22:44:33"}
{"cause":{},"level":"error","message":"Failed to load configurations into cache: Connection terminated due to connection timeout","stack":"Error: Connection terminated due to connection timeout\n    at C:\\Users\\Admin\\Documents\\FREE STYLE CODE TECHNOLOGIES\\BM\\node_modules\\pg-pool\\index.js:45:11\n    at processTicksAndRejections (node:internal/process/task_queues:105:5)\n    at query (C:\\Users\\Admin\\Documents\\FREE STYLE CODE TECHNOLOGIES\\BM\\src\\config\\database.ts:46:18)\n    at ConfigurationService.loadConfigurationsToCache (C:\\Users\\Admin\\Documents\\FREE STYLE CODE TECHNOLOGIES\\BM\\src\\services\\configuration.service.ts:23:30)","timestamp":"2025-11-09 22:45:40"}
{"level":"info","message":"PostgreSQL connected.","timestamp":"2025-11-09 22:45:41"}
{"level":"info","message":"Database connection established successfully.","timestamp":"2025-11-09 22:45:41"}
{"level":"info","message":"Server is running on port 3000.","timestamp":"2025-11-09 22:45:41"}
{"level":"info","message":"API entry point: /api","timestamp":"2025-11-09 22:45:41"}
{"level":"info","message":"Application configurations loaded into cache.","timestamp":"2025-11-09 22:50:07"}
{"level":"info","message":"PostgreSQL connected.","timestamp":"2025-11-09 22:50:07"}
{"level":"info","message":"Database connection established successfully.","timestamp":"2025-11-09 22:50:07"}
{"level":"info","message":"Server is running on port 3000.","timestamp":"2025-11-09 22:50:07"}
{"level":"info","message":"API entry point: /api","timestamp":"2025-11-09 22:50:07"}
{"cause":{},"level":"error","message":"Failed to load configurations into cache: Connection terminated due to connection timeout","stack":"Error: Connection terminated due to connection timeout\n    at C:\\Users\\Admin\\Documents\\FREE STYLE CODE TECHNOLOGIES\\BM\\node_modules\\pg-pool\\index.js:45:11\n    at processTicksAndRejections (node:internal/process/task_queues:105:5)\n    at query (C:\\Users\\Admin\\Documents\\FREE STYLE CODE TECHNOLOGIES\\BM\\src\\config\\database.ts:46:18)\n    at ConfigurationService.loadConfigurationsToCache (C:\\Users\\Admin\\Documents\\FREE STYLE CODE TECHNOLOGIES\\BM\\src\\services\\configuration.service.ts:23:30)","timestamp":"2025-11-09 22:50:55"}
{"cause":{},"level":"error","message":"Failed to load configurations into cache: Connection terminated due to connection timeout","stack":"Error: Connection terminated due to connection timeout\n    at C:\\Users\\Admin\\Documents\\FREE STYLE CODE TECHNOLOGIES\\BM\\node_modules\\pg-pool\\index.js:45:11\n    at processTicksAndRejections (node:internal/process/task_queues:105:5)\n    at query (C:\\Users\\Admin\\Documents\\FREE STYLE CODE TECHNOLOGIES\\BM\\src\\config\\database.ts:46:18)\n    at ConfigurationService.loadConfigurationsToCache (C:\\Users\\Admin\\Documents\\FREE STYLE CODE TECHNOLOGIES\\BM\\src\\services\\configuration.service.ts:23:30)","timestamp":"2025-11-09 22:55:28"}
{"cause":{},"level":"error","message":"PostgreSQL connection error: Connection terminated due to connection timeout","stack":"Error: Connection terminated due to connection timeout\n    at C:\\Users\\Admin\\Documents\\FREE STYLE CODE TECHNOLOGIES\\BM\\node_modules\\pg-pool\\index.js:45:11\n    at processTicksAndRejections (node:internal/process/task_queues:105:5)\n    at connectDB (C:\\Users\\Admin\\Documents\\FREE STYLE CODE TECHNOLOGIES\\BM\\src\\config\\database.ts:32:5)\n    at startServer (C:\\Users\\Admin\\Documents\\FREE STYLE CODE TECHNOLOGIES\\BM\\src\\server.ts:13:5)","timestamp":"2025-11-09 22:55:29"}
{"cause":{},"level":"error","message":"Failed to load configurations into cache: Connection terminated due to connection timeout","stack":"Error: Connection terminated due to connection timeout\n    at C:\\Users\\Admin\\Documents\\FREE STYLE CODE TECHNOLOGIES\\BM\\node_modules\\pg-pool\\index.js:45:11\n    at processTicksAndRejections (node:internal/process/task_queues:105:5)\n    at query (C:\\Users\\Admin\\Documents\\FREE STYLE CODE TECHNOLOGIES\\BM\\src\\config\\database.ts:46:18)\n    at ConfigurationService.loadConfigurationsToCache (C:\\Users\\Admin\\Documents\\FREE STYLE CODE TECHNOLOGIES\\BM\\src\\services\\configuration.service.ts:23:30)","timestamp":"2025-11-09 22:56:11"}
{"cause":{},"level":"error","message":"PostgreSQL connection error: Connection terminated due to connection timeout","stack":"Error: Connection terminated due to connection timeout\n    at C:\\Users\\Admin\\Documents\\FREE STYLE CODE TECHNOLOGIES\\BM\\node_modules\\pg-pool\\index.js:45:11\n    at processTicksAndRejections (node:internal/process/task_queues:105:5)\n    at connectDB (C:\\Users\\Admin\\Documents\\FREE STYLE CODE TECHNOLOGIES\\BM\\src\\config\\database.ts:32:5)\n    at startServer (C:\\Users\\Admin\\Documents\\FREE STYLE CODE TECHNOLOGIES\\BM\\src\\server.ts:13:5)","timestamp":"2025-11-09 22:56:12"}
{"level":"info","message":"PostgreSQL connected.","timestamp":"2025-11-09 22:57:04"}
{"level":"info","message":"Database connection established successfully.","timestamp":"2025-11-09 22:57:04"}
{"level":"info","message":"Server is running on port 3000.","timestamp":"2025-11-09 22:57:04"}
{"level":"info","message":"API entry point: /api","timestamp":"2025-11-09 22:57:04"}
{"level":"info","message":"Application configurations loaded into cache.","timestamp":"2025-11-09 22:57:05"}
{"cause":{},"level":"error","message":"Failed to load configurations into cache: Connection terminated due to connection timeout","stack":"Error: Connection terminated due to connection timeout\n    at C:\\Users\\Admin\\Documents\\FREE STYLE CODE TECHNOLOGIES\\BM\\node_modules\\pg-pool\\index.js:45:11\n    at processTicksAndRejections (node:internal/process/task_queues:105:5)\n    at query (C:\\Users\\Admin\\Documents\\FREE STYLE CODE TECHNOLOGIES\\BM\\src\\config\\database.ts:46:18)\n    at ConfigurationService.loadConfigurationsToCache (C:\\Users\\Admin\\Documents\\FREE STYLE CODE TECHNOLOGIES\\BM\\src\\services\\configuration.service.ts:23:30)","timestamp":"2025-11-09 22:58:52"}
{"level":"info","message":"Application configurations loaded into cache.","timestamp":"2025-11-09 22:59:14"}
{"level":"info","message":"PostgreSQL connected.","timestamp":"2025-11-09 22:59:14"}
{"level":"info","message":"Database connection established successfully.","timestamp":"2025-11-09 22:59:14"}
{"level":"info","message":"Server is running on port 3000.","timestamp":"2025-11-09 22:59:14"}
{"level":"info","message":"API entry point: /api","timestamp":"2025-11-09 22:59:14"}
{"level":"info","message":"Application configurations loaded into cache.","timestamp":"2025-11-09 22:59:45"}
{"level":"info","message":"PostgreSQL connected.","timestamp":"2025-11-09 22:59:45"}
{"level":"info","message":"Database connection established successfully.","timestamp":"2025-11-09 22:59:45"}
{"level":"info","message":"Server is running on port 3000.","timestamp":"2025-11-09 22:59:45"}
{"level":"info","message":"API entry point: /api","timestamp":"2025-11-09 22:59:45"}
{"level":"info","message":"Application configurations loaded into cache.","timestamp":"2025-11-09 23:07:58"}
{"level":"info","message":"PostgreSQL connected.","timestamp":"2025-11-09 23:07:59"}
{"level":"info","message":"Database connection established successfully.","timestamp":"2025-11-09 23:07:59"}
{"level":"info","message":"Server is running on port 3000.","timestamp":"2025-11-09 23:07:59"}
{"level":"info","message":"API entry point: /api","timestamp":"2025-11-09 23:07:59"}
{"cause":{},"level":"error","message":"Failed to load configurations into cache: Connection terminated due to connection timeout","stack":"Error: Connection terminated due to connection timeout\n    at C:\\Users\\Admin\\Documents\\FREE STYLE CODE TECHNOLOGIES\\BM\\node_modules\\pg-pool\\index.js:45:11\n    at processTicksAndRejections (node:internal/process/task_queues:105:5)\n    at query (C:\\Users\\Admin\\Documents\\FREE STYLE CODE TECHNOLOGIES\\BM\\src\\config\\database.ts:46:18)\n    at ConfigurationService.loadConfigurationsToCache (C:\\Users\\Admin\\Documents\\FREE STYLE CODE TECHNOLOGIES\\BM\\src\\services\\configuration.service.ts:23:30)","timestamp":"2025-11-09 23:09:57"}
{"cause":{},"level":"error","message":"PostgreSQL connection error: Connection terminated due to connection timeout","stack":"Error: Connection terminated due to connection timeout\n    at C:\\Users\\Admin\\Documents\\FREE STYLE CODE TECHNOLOGIES\\BM\\node_modules\\pg-pool\\index.js:45:11\n    at processTicksAndRejections (node:internal/process/task_queues:105:5)\n    at connectDB (C:\\Users\\Admin\\Documents\\FREE STYLE CODE TECHNOLOGIES\\BM\\src\\config\\database.ts:32:5)\n    at startServer (C:\\Users\\Admin\\Documents\\FREE STYLE CODE TECHNOLOGIES\\BM\\src\\server.ts:13:5)","timestamp":"2025-11-09 23:09:58"}
{"cause":{},"level":"error","message":"Failed to load configurations into cache: Connection terminated due to connection timeout","stack":"Error: Connection terminated due to connection timeout\n    at C:\\Users\\Admin\\Documents\\FREE STYLE CODE TECHNOLOGIES\\BM\\node_modules\\pg-pool\\index.js:45:11\n    at processTicksAndRejections (node:internal/process/task_queues:105:5)\n    at query (C:\\Users\\Admin\\Documents\\FREE STYLE CODE TECHNOLOGIES\\BM\\src\\config\\database.ts:46:18)\n    at ConfigurationService.loadConfigurationsToCache (C:\\Users\\Admin\\Documents\\FREE STYLE CODE TECHNOLOGIES\\BM\\src\\services\\configuration.service.ts:23:30)","timestamp":"2025-11-09 23:10:35"}
{"level":"info","message":"PostgreSQL connected.","timestamp":"2025-11-09 23:10:36"}
{"level":"info","message":"Database connection established successfully.","timestamp":"2025-11-09 23:10:36"}
{"level":"info","message":"Server is running on port 3000.","timestamp":"2025-11-09 23:10:36"}
{"level":"info","message":"API entry point: /api","timestamp":"2025-11-09 23:10:36"}
{"cause":{},"level":"error","message":"Failed to load configurations into cache: Connection terminated due to connection timeout","stack":"Error: Connection terminated due to connection timeout\n    at C:\\Users\\Admin\\Documents\\FREE STYLE CODE TECHNOLOGIES\\BM\\node_modules\\pg-pool\\index.js:45:11\n    at processTicksAndRejections (node:internal/process/task_queues:105:5)\n    at query (C:\\Users\\Admin\\Documents\\FREE STYLE CODE TECHNOLOGIES\\BM\\src\\config\\database.ts:46:18)\n    at ConfigurationService.loadConfigurationsToCache (C:\\Users\\Admin\\Documents\\FREE STYLE CODE TECHNOLOGIES\\BM\\src\\services\\configuration.service.ts:23:30)","timestamp":"2025-11-09 23:12:19"}
{"level":"info","message":"PostgreSQL connected.","timestamp":"2025-11-09 23:12:20"}
{"level":"info","message":"Database connection established successfully.","timestamp":"2025-11-09 23:12:20"}
{"level":"info","message":"Server is running on port 3000.","timestamp":"2025-11-09 23:12:20"}
{"level":"info","message":"API entry point: /api","timestamp":"2025-11-09 23:12:20"}
{"cause":{},"level":"error","message":"Failed to load configurations into cache: Connection terminated due to connection timeout","stack":"Error: Connection terminated due to connection timeout\n    at C:\\Users\\Admin\\Documents\\FREE STYLE CODE TECHNOLOGIES\\BM\\node_modules\\pg-pool\\index.js:45:11\n    at processTicksAndRejections (node:internal/process/task_queues:105:5)\n    at query (C:\\Users\\Admin\\Documents\\FREE STYLE CODE TECHNOLOGIES\\BM\\src\\config\\database.ts:46:18)\n    at ConfigurationService.loadConfigurationsToCache (C:\\Users\\Admin\\Documents\\FREE STYLE CODE TECHNOLOGIES\\BM\\src\\services\\configuration.service.ts:23:30)","timestamp":"2025-11-09 23:14:07"}
{"cause":{},"level":"error","message":"PostgreSQL connection error: Connection terminated due to connection timeout","stack":"Error: Connection terminated due to connection timeout\n    at C:\\Users\\Admin\\Documents\\FREE STYLE CODE TECHNOLOGIES\\BM\\node_modules\\pg-pool\\index.js:45:11\n    at processTicksAndRejections (node:internal/process/task_queues:105:5)\n    at connectDB (C:\\Users\\Admin\\Documents\\FREE STYLE CODE TECHNOLOGIES\\BM\\src\\config\\database.ts:32:5)\n    at startServer (C:\\Users\\Admin\\Documents\\FREE STYLE CODE TECHNOLOGIES\\BM\\src\\server.ts:13:5)","timestamp":"2025-11-09 23:14:08"}
{"cause":{},"level":"error","message":"Failed to load configurations into cache: Connection terminated due to connection timeout","stack":"Error: Connection terminated due to connection timeout\n    at C:\\Users\\Admin\\Documents\\FREE STYLE CODE TECHNOLOGIES\\BM\\node_modules\\pg-pool\\index.js:45:11\n    at processTicksAndRejections (node:internal/process/task_queues:105:5)\n    at query (C:\\Users\\Admin\\Documents\\FREE STYLE CODE TECHNOLOGIES\\BM\\src\\config\\database.ts:46:18)\n    at ConfigurationService.loadConfigurationsToCache (C:\\Users\\Admin\\Documents\\FREE STYLE CODE TECHNOLOGIES\\BM\\src\\services\\configuration.service.ts:23:30)","timestamp":"2025-11-09 23:14:49"}
{"cause":{},"level":"error","message":"PostgreSQL connection error: Connection terminated due to connection timeout","stack":"Error: Connection terminated due to connection timeout\n    at C:\\Users\\Admin\\Documents\\FREE STYLE CODE TECHNOLOGIES\\BM\\node_modules\\pg-pool\\index.js:45:11\n    at processTicksAndRejections (node:internal/process/task_queues:105:5)\n    at connectDB (C:\\Users\\Admin\\Documents\\FREE STYLE CODE TECHNOLOGIES\\BM\\src\\config\\database.ts:32:5)\n    at startServer (C:\\Users\\Admin\\Documents\\FREE STYLE CODE TECHNOLOGIES\\BM\\src\\server.ts:13:5)","timestamp":"2025-11-09 23:14:51"}
{"level":"info","message":"Application configurations loaded into cache.","timestamp":"2025-11-09 23:16:01"}
{"level":"info","message":"PostgreSQL connected.","timestamp":"2025-11-09 23:16:02"}
{"level":"info","message":"Database connection established successfully.","timestamp":"2025-11-09 23:16:02"}
{"level":"info","message":"Server is running on port 3000.","timestamp":"2025-11-09 23:16:02"}
{"level":"info","message":"API entry point: /api","timestamp":"2025-11-09 23:16:02"}
{"cause":{},"level":"error","message":"Failed to load configurations into cache: Connection terminated due to connection timeout","stack":"Error: Connection terminated due to connection timeout\n    at C:\\Users\\Admin\\Documents\\FREE STYLE CODE TECHNOLOGIES\\BM\\node_modules\\pg-pool\\index.js:45:11\n    at processTicksAndRejections (node:internal/process/task_queues:105:5)\n    at query (C:\\Users\\Admin\\Documents\\FREE STYLE CODE TECHNOLOGIES\\BM\\src\\config\\database.ts:46:18)\n    at ConfigurationService.loadConfigurationsToCache (C:\\Users\\Admin\\Documents\\FREE STYLE CODE TECHNOLOGIES\\BM\\src\\services\\configuration.service.ts:23:30)","timestamp":"2025-11-09 23:17:10"}
{"cause":{},"level":"error","message":"PostgreSQL connection error: Connection terminated due to connection timeout","stack":"Error: Connection terminated due to connection timeout\n    at C:\\Users\\Admin\\Documents\\FREE STYLE CODE TECHNOLOGIES\\BM\\node_modules\\pg-pool\\index.js:45:11\n    at processTicksAndRejections (node:internal/process/task_queues:105:5)\n    at connectDB (C:\\Users\\Admin\\Documents\\FREE STYLE CODE TECHNOLOGIES\\BM\\src\\config\\database.ts:32:5)\n    at startServer (C:\\Users\\Admin\\Documents\\FREE STYLE CODE TECHNOLOGIES\\BM\\src\\server.ts:13:5)","timestamp":"2025-11-09 23:17:12"}
{"level":"info","message":"Application configurations loaded into cache.","timestamp":"2025-11-09 23:17:42"}
{"level":"info","message":"PostgreSQL connected.","timestamp":"2025-11-09 23:17:42"}
{"level":"info","message":"Database connection established successfully.","timestamp":"2025-11-09 23:17:42"}
{"level":"info","message":"Server is running on port 3000.","timestamp":"2025-11-09 23:17:42"}
{"level":"info","message":"API entry point: /api","timestamp":"2025-11-09 23:17:42"}
{"level":"info","message":"Application configurations loaded into cache.","timestamp":"2025-11-09 23:19:25"}
{"level":"info","message":"PostgreSQL connected.","timestamp":"2025-11-09 23:19:25"}
{"level":"info","message":"Database connection established successfully.","timestamp":"2025-11-09 23:19:25"}
{"level":"info","message":"Server is running on port 3000.","timestamp":"2025-11-09 23:19:25"}
{"level":"info","message":"API entry point: /api","timestamp":"2025-11-09 23:19:25"}
{"level":"info","message":"PostgreSQL connected.","timestamp":"2025-11-09 23:20:04"}
{"level":"info","message":"Database connection established successfully.","timestamp":"2025-11-09 23:20:04"}
{"level":"info","message":"Server is running on port 3000.","timestamp":"2025-11-09 23:20:04"}
{"level":"info","message":"API entry point: /api","timestamp":"2025-11-09 23:20:04"}
{"level":"info","message":"Application configurations loaded into cache.","timestamp":"2025-11-09 23:20:04"}
{"level":"info","message":"Application configurations loaded into cache.","timestamp":"2025-11-09 23:20:43"}
{"level":"info","message":"PostgreSQL connected.","timestamp":"2025-11-09 23:20:43"}
{"level":"info","message":"Database connection established successfully.","timestamp":"2025-11-09 23:20:43"}
{"level":"info","message":"Server is running on port 3000.","timestamp":"2025-11-09 23:20:43"}
{"level":"info","message":"API entry point: /api","timestamp":"2025-11-09 23:20:43"}
{"cause":{},"level":"error","message":"Failed to load configurations into cache: Connection terminated due to connection timeout","stack":"Error: Connection terminated due to connection timeout\n    at C:\\Users\\Admin\\Documents\\FREE STYLE CODE TECHNOLOGIES\\BM\\node_modules\\pg-pool\\index.js:45:11\n    at processTicksAndRejections (node:internal/process/task_queues:105:5)\n    at query (C:\\Users\\Admin\\Documents\\FREE STYLE CODE TECHNOLOGIES\\BM\\src\\config\\database.ts:46:18)\n    at ConfigurationService.loadConfigurationsToCache (C:\\Users\\Admin\\Documents\\FREE STYLE CODE TECHNOLOGIES\\BM\\src\\services\\configuration.service.ts:23:30)","timestamp":"2025-11-09 23:21:26"}
{"level":"info","message":"PostgreSQL connected.","timestamp":"2025-11-09 23:21:27"}
{"level":"info","message":"Database connection established successfully.","timestamp":"2025-11-09 23:21:27"}
{"level":"info","message":"Server is running on port 3000.","timestamp":"2025-11-09 23:21:27"}
{"level":"info","message":"API entry point: /api","timestamp":"2025-11-09 23:21:27"}
{"level":"info","message":"PostgreSQL connected.","timestamp":"2025-11-09 23:21:51"}
{"level":"info","message":"Database connection established successfully.","timestamp":"2025-11-09 23:21:51"}
{"level":"info","message":"Server is running on port 3000.","timestamp":"2025-11-09 23:21:51"}
{"level":"info","message":"API entry point: /api","timestamp":"2025-11-09 23:21:51"}
{"level":"info","message":"Application configurations loaded into cache.","timestamp":"2025-11-09 23:21:51"}
{"cause":{},"level":"error","message":"Failed to load configurations into cache: Connection terminated due to connection timeout","stack":"Error: Connection terminated due to connection timeout\n    at C:\\Users\\Admin\\Documents\\FREE STYLE CODE TECHNOLOGIES\\BM\\node_modules\\pg-pool\\index.js:45:11\n    at processTicksAndRejections (node:internal/process/task_queues:105:5)\n    at query (C:\\Users\\Admin\\Documents\\FREE STYLE CODE TECHNOLOGIES\\BM\\src\\config\\database.ts:46:18)\n    at ConfigurationService.loadConfigurationsToCache (C:\\Users\\Admin\\Documents\\FREE STYLE CODE TECHNOLOGIES\\BM\\src\\services\\configuration.service.ts:23:30)","timestamp":"2025-11-09 23:23:42"}
{"cause":{},"level":"error","message":"PostgreSQL connection error: Connection terminated due to connection timeout","stack":"Error: Connection terminated due to connection timeout\n    at C:\\Users\\Admin\\Documents\\FREE STYLE CODE TECHNOLOGIES\\BM\\node_modules\\pg-pool\\index.js:45:11\n    at processTicksAndRejections (node:internal/process/task_queues:105:5)\n    at connectDB (C:\\Users\\Admin\\Documents\\FREE STYLE CODE TECHNOLOGIES\\BM\\src\\config\\database.ts:32:5)\n    at startServer (C:\\Users\\Admin\\Documents\\FREE STYLE CODE TECHNOLOGIES\\BM\\src\\server.ts:13:5)","timestamp":"2025-11-09 23:23:44"}
{"level":"info","message":"Application configurations loaded into cache.","timestamp":"2025-11-09 23:24:23"}
{"level":"info","message":"PostgreSQL connected.","timestamp":"2025-11-09 23:24:24"}
{"level":"info","message":"Database connection established successfully.","timestamp":"2025-11-09 23:24:24"}
{"level":"info","message":"Server is running on port 3000.","timestamp":"2025-11-09 23:24:24"}
{"level":"info","message":"API entry point: /api","timestamp":"2025-11-09 23:24:24"}
{"level":"info","message":"Application configurations loaded into cache.","timestamp":"2025-11-09 23:24:53"}
{"level":"info","message":"PostgreSQL connected.","timestamp":"2025-11-09 23:24:54"}
{"level":"info","message":"Database connection established successfully.","timestamp":"2025-11-09 23:24:54"}
{"level":"info","message":"Server is running on port 3000.","timestamp":"2025-11-09 23:24:54"}
{"level":"info","message":"API entry point: /api","timestamp":"2025-11-09 23:24:54"}
{"cause":{},"level":"error","message":"Failed to load configurations into cache: Connection terminated due to connection timeout","stack":"Error: Connection terminated due to connection timeout\n    at C:\\Users\\Admin\\Documents\\FREE STYLE CODE TECHNOLOGIES\\BM\\node_modules\\pg-pool\\index.js:45:11\n    at processTicksAndRejections (node:internal/process/task_queues:105:5)\n    at query (C:\\Users\\Admin\\Documents\\FREE STYLE CODE TECHNOLOGIES\\BM\\src\\config\\database.ts:46:18)\n    at ConfigurationService.loadConfigurationsToCache (C:\\Users\\Admin\\Documents\\FREE STYLE CODE TECHNOLOGIES\\BM\\src\\services\\configuration.service.ts:23:30)","timestamp":"2025-11-09 23:27:28"}
{"cause":{},"level":"error","message":"PostgreSQL connection error: Connection terminated due to connection timeout","stack":"Error: Connection terminated due to connection timeout\n    at C:\\Users\\Admin\\Documents\\FREE STYLE CODE TECHNOLOGIES\\BM\\node_modules\\pg-pool\\index.js:45:11\n    at processTicksAndRejections (node:internal/process/task_queues:105:5)\n    at connectDB (C:\\Users\\Admin\\Documents\\FREE STYLE CODE TECHNOLOGIES\\BM\\src\\config\\database.ts:32:5)\n    at startServer (C:\\Users\\Admin\\Documents\\FREE STYLE CODE TECHNOLOGIES\\BM\\src\\server.ts:13:5)","timestamp":"2025-11-09 23:27:30"}
{"cause":{},"level":"error","message":"Failed to load configurations into cache: Connection terminated due to connection timeout","stack":"Error: Connection terminated due to connection timeout\n    at C:\\Users\\Admin\\Documents\\FREE STYLE CODE TECHNOLOGIES\\BM\\node_modules\\pg-pool\\index.js:45:11\n    at processTicksAndRejections (node:internal/process/task_queues:105:5)\n    at query (C:\\Users\\Admin\\Documents\\FREE STYLE CODE TECHNOLOGIES\\BM\\src\\config\\database.ts:46:18)\n    at ConfigurationService.loadConfigurationsToCache (C:\\Users\\Admin\\Documents\\FREE STYLE CODE TECHNOLOGIES\\BM\\src\\services\\configuration.service.ts:23:30)","timestamp":"2025-11-09 23:27:58"}
{"level":"info","message":"PostgreSQL connected.","timestamp":"2025-11-09 23:27:59"}
{"level":"info","message":"Database connection established successfully.","timestamp":"2025-11-09 23:27:59"}
{"level":"info","message":"Server is running on port 3000.","timestamp":"2025-11-09 23:27:59"}
{"level":"info","message":"API entry point: /api","timestamp":"2025-11-09 23:27:59"}
{"code":"42703","file":"parse_target.c","length":126,"level":"error","line":"1070","message":"Database query error: column \"password\" of relation \"users\" does not exist","name":"error","position":"42","routine":"checkInsertTargets","severity":"ERROR","stack":"error: column \"password\" of relation \"users\" does not exist\n    at C:\\Users\\Admin\\Documents\\FREE STYLE CODE TECHNOLOGIES\\BM\\node_modules\\pg\\lib\\client.js:545:17\n    at processTicksAndRejections (node:internal/process/task_queues:105:5)\n    at query (C:\\Users\\Admin\\Documents\\FREE STYLE CODE TECHNOLOGIES\\BM\\src\\config\\database.ts:53:17)\n    at createUser (C:\\Users\\Admin\\Documents\\FREE STYLE CODE TECHNOLOGIES\\BM\\src\\models\\user.model.ts:149:16)\n    at Object.createUserAccount (C:\\Users\\Admin\\Documents\\FREE STYLE CODE TECHNOLOGIES\\BM\\src\\services\\user.service.ts:108:19)\n    at C:\\Users\\Admin\\Documents\\FREE STYLE CODE TECHNOLOGIES\\BM\\src\\controller\\auth.controller.ts:147:19","timestamp":"2025-11-09 23:33:10"}
{"code":"42703","file":"parse_target.c","length":126,"level":"error","line":"1070","message":"UNEXPECTED SERVER ERROR: column \"password\" of relation \"users\" does not exist","name":"error","position":"42","routine":"checkInsertTargets","severity":"ERROR","stack":"error: column \"password\" of relation \"users\" does not exist\n    at C:\\Users\\Admin\\Documents\\FREE STYLE CODE TECHNOLOGIES\\BM\\node_modules\\pg\\lib\\client.js:545:17\n    at processTicksAndRejections (node:internal/process/task_queues:105:5)\n    at query (C:\\Users\\Admin\\Documents\\FREE STYLE CODE TECHNOLOGIES\\BM\\src\\config\\database.ts:53:17)\n    at createUser (C:\\Users\\Admin\\Documents\\FREE STYLE CODE TECHNOLOGIES\\BM\\src\\models\\user.model.ts:149:16)\n    at Object.createUserAccount (C:\\Users\\Admin\\Documents\\FREE STYLE CODE TECHNOLOGIES\\BM\\src\\services\\user.service.ts:108:19)\n    at C:\\Users\\Admin\\Documents\\FREE STYLE CODE TECHNOLOGIES\\BM\\src\\controller\\auth.controller.ts:147:19","timestamp":"2025-11-09 23:33:10"}
{"level":"info","message":"PostgreSQL connected.","timestamp":"2025-11-09 23:34:38"}
{"level":"info","message":"Database connection established successfully.","timestamp":"2025-11-09 23:34:38"}
{"level":"info","message":"Server is running on port 3000.","timestamp":"2025-11-09 23:34:38"}
{"level":"info","message":"API entry point: /api","timestamp":"2025-11-09 23:34:38"}
{"level":"info","message":"Application configurations loaded into cache.","timestamp":"2025-11-09 23:34:39"}
{"level":"info","message":"Application configurations loaded into cache.","timestamp":"2025-11-09 23:35:02"}
{"level":"info","message":"PostgreSQL connected.","timestamp":"2025-11-09 23:35:02"}
{"level":"info","message":"Database connection established successfully.","timestamp":"2025-11-09 23:35:02"}
{"level":"info","message":"Server is running on port 3000.","timestamp":"2025-11-09 23:35:03"}
{"level":"info","message":"API entry point: /api","timestamp":"2025-11-09 23:35:03"}
{"cause":{},"level":"error","message":"Failed to load configurations into cache: Connection terminated due to connection timeout","stack":"Error: Connection terminated due to connection timeout\n    at C:\\Users\\Admin\\Documents\\FREE STYLE CODE TECHNOLOGIES\\BM\\node_modules\\pg-pool\\index.js:45:11\n    at processTicksAndRejections (node:internal/process/task_queues:105:5)\n    at query (C:\\Users\\Admin\\Documents\\FREE STYLE CODE TECHNOLOGIES\\BM\\src\\config\\database.ts:46:18)\n    at ConfigurationService.loadConfigurationsToCache (C:\\Users\\Admin\\Documents\\FREE STYLE CODE TECHNOLOGIES\\BM\\src\\services\\configuration.service.ts:23:30)","timestamp":"2025-11-09 23:36:20"}
{"cause":{},"level":"error","message":"PostgreSQL connection error: Connection terminated due to connection timeout","stack":"Error: Connection terminated due to connection timeout\n    at C:\\Users\\Admin\\Documents\\FREE STYLE CODE TECHNOLOGIES\\BM\\node_modules\\pg-pool\\index.js:45:11\n    at processTicksAndRejections (node:internal/process/task_queues:105:5)\n    at connectDB (C:\\Users\\Admin\\Documents\\FREE STYLE CODE TECHNOLOGIES\\BM\\src\\config\\database.ts:32:5)\n    at startServer (C:\\Users\\Admin\\Documents\\FREE STYLE CODE TECHNOLOGIES\\BM\\src\\server.ts:13:5)","timestamp":"2025-11-09 23:36:22"}
{"cause":{},"level":"error","message":"Failed to load configurations into cache: Connection terminated due to connection timeout","stack":"Error: Connection terminated due to connection timeout\n    at C:\\Users\\Admin\\Documents\\FREE STYLE CODE TECHNOLOGIES\\BM\\node_modules\\pg-pool\\index.js:45:11\n    at processTicksAndRejections (node:internal/process/task_queues:105:5)\n    at query (C:\\Users\\Admin\\Documents\\FREE STYLE CODE TECHNOLOGIES\\BM\\src\\config\\database.ts:46:18)\n    at ConfigurationService.loadConfigurationsToCache (C:\\Users\\Admin\\Documents\\FREE STYLE CODE TECHNOLOGIES\\BM\\src\\services\\configuration.service.ts:23:30)","timestamp":"2025-11-09 23:37:12"}
{"level":"info","message":"PostgreSQL connected.","timestamp":"2025-11-09 23:37:12"}
{"level":"info","message":"Database connection established successfully.","timestamp":"2025-11-09 23:37:12"}
{"level":"info","message":"Server is running on port 3000.","timestamp":"2025-11-09 23:37:12"}
{"level":"info","message":"API entry point: /api","timestamp":"2025-11-09 23:37:12"}
{"level":"info","message":"Application configurations loaded into cache.","timestamp":"2025-11-09 23:38:54"}
{"level":"info","message":"PostgreSQL connected.","timestamp":"2025-11-09 23:38:54"}
{"level":"info","message":"Database connection established successfully.","timestamp":"2025-11-09 23:38:54"}
{"level":"info","message":"Server is running on port 3000.","timestamp":"2025-11-09 23:38:54"}
{"level":"info","message":"API entry point: /api","timestamp":"2025-11-09 23:38:54"}
{"cause":{},"level":"error","message":"Failed to load configurations into cache: Connection terminated due to connection timeout","stack":"Error: Connection terminated due to connection timeout\n    at C:\\Users\\Admin\\Documents\\FREE STYLE CODE TECHNOLOGIES\\BM\\node_modules\\pg-pool\\index.js:45:11\n    at processTicksAndRejections (node:internal/process/task_queues:105:5)\n    at query (C:\\Users\\Admin\\Documents\\FREE STYLE CODE TECHNOLOGIES\\BM\\src\\config\\database.ts:46:18)\n    at ConfigurationService.loadConfigurationsToCache (C:\\Users\\Admin\\Documents\\FREE STYLE CODE TECHNOLOGIES\\BM\\src\\services\\configuration.service.ts:23:30)","timestamp":"2025-11-10 00:12:10"}
{"level":"info","message":"PostgreSQL connected.","timestamp":"2025-11-10 00:12:10"}
{"level":"info","message":"Database connection established successfully.","timestamp":"2025-11-10 00:12:10"}
{"level":"info","message":"Server is running on port 3000.","timestamp":"2025-11-10 00:12:10"}
{"level":"info","message":"API entry point: /api","timestamp":"2025-11-10 00:12:10"}
{"level":"info","message":"PostgreSQL connected.","timestamp":"2025-11-10 00:13:22"}
{"level":"info","message":"Database connection established successfully.","timestamp":"2025-11-10 00:13:22"}
{"level":"info","message":"Server is running on port 3000.","timestamp":"2025-11-10 00:13:22"}
{"level":"info","message":"API entry point: /api","timestamp":"2025-11-10 00:13:22"}
{"level":"info","message":"Application configurations loaded into cache.","timestamp":"2025-11-10 00:13:23"}
{"cause":{},"level":"error","message":"Failed to load configurations into cache: Connection terminated due to connection timeout","stack":"Error: Connection terminated due to connection timeout\n    at C:\\Users\\Admin\\Documents\\FREE STYLE CODE TECHNOLOGIES\\BM\\node_modules\\pg-pool\\index.js:45:11\n    at processTicksAndRejections (node:internal/process/task_queues:105:5)\n    at query (C:\\Users\\Admin\\Documents\\FREE STYLE CODE TECHNOLOGIES\\BM\\src\\config\\database.ts:46:18)\n    at ConfigurationService.loadConfigurationsToCache (C:\\Users\\Admin\\Documents\\FREE STYLE CODE TECHNOLOGIES\\BM\\src\\services\\configuration.service.ts:23:30)","timestamp":"2025-11-10 00:15:05"}
{"level":"info","message":"PostgreSQL connected.","timestamp":"2025-11-10 00:15:07"}
{"level":"info","message":"Database connection established successfully.","timestamp":"2025-11-10 00:15:08"}
{"level":"info","message":"Server is running on port 3000.","timestamp":"2025-11-10 00:15:09"}
{"level":"info","message":"API entry point: /api","timestamp":"2025-11-10 00:15:09"}
{"level":"error","message":"UNEXPECTED SERVER ERROR: full_name is not defined","stack":"ReferenceError: full_name is not defined\n    at createUser (C:\\Users\\Admin\\Documents\\FREE STYLE CODE TECHNOLOGIES\\BM\\src\\models\\user.model.ts:149:66)\n    at Object.createUserAccount (C:\\Users\\Admin\\Documents\\FREE STYLE CODE TECHNOLOGIES\\BM\\src\\services\\user.service.ts:116:40)\n    at C:\\Users\\Admin\\Documents\\FREE STYLE CODE TECHNOLOGIES\\BM\\src\\controller\\auth.controller.ts:147:19","timestamp":"2025-11-10 00:15:17"}
{"cause":{},"level":"error","message":"Failed to load configurations into cache: Connection terminated due to connection timeout","stack":"Error: Connection terminated due to connection timeout\n    at C:\\Users\\Admin\\Documents\\FREE STYLE CODE TECHNOLOGIES\\BM\\node_modules\\pg-pool\\index.js:45:11\n    at processTicksAndRejections (node:internal/process/task_queues:105:5)\n    at query (C:\\Users\\Admin\\Documents\\FREE STYLE CODE TECHNOLOGIES\\BM\\src\\config\\database.ts:46:18)\n    at ConfigurationService.loadConfigurationsToCache (C:\\Users\\Admin\\Documents\\FREE STYLE CODE TECHNOLOGIES\\BM\\src\\services\\configuration.service.ts:23:30)","timestamp":"2025-11-10 00:17:01"}
{"level":"info","message":"PostgreSQL connected.","timestamp":"2025-11-10 00:17:02"}
{"level":"info","message":"Database connection established successfully.","timestamp":"2025-11-10 00:17:02"}
{"level":"info","message":"Server is running on port 3000.","timestamp":"2025-11-10 00:17:02"}
{"level":"info","message":"API entry point: /api","timestamp":"2025-11-10 00:17:02"}
{"level":"error","message":"UNEXPECTED SERVER ERROR: full_name is not defined","stack":"ReferenceError: full_name is not defined\n    at createUser (C:\\Users\\Admin\\Documents\\FREE STYLE CODE TECHNOLOGIES\\BM\\src\\models\\user.model.ts:149:66)\n    at Object.createUserAccount (C:\\Users\\Admin\\Documents\\FREE STYLE CODE TECHNOLOGIES\\BM\\src\\services\\user.service.ts:117:40)\n    at C:\\Users\\Admin\\Documents\\FREE STYLE CODE TECHNOLOGIES\\BM\\src\\controller\\auth.controller.ts:147:19","timestamp":"2025-11-10 00:17:11"}
{"cause":{},"level":"error","message":"Failed to load configurations into cache: Connection terminated due to connection timeout","stack":"Error: Connection terminated due to connection timeout\n    at C:\\Users\\Admin\\Documents\\FREE STYLE CODE TECHNOLOGIES\\BM\\node_modules\\pg-pool\\index.js:45:11\n    at processTicksAndRejections (node:internal/process/task_queues:105:5)\n    at query (C:\\Users\\Admin\\Documents\\FREE STYLE CODE TECHNOLOGIES\\BM\\src\\config\\database.ts:46:18)\n    at ConfigurationService.loadConfigurationsToCache (C:\\Users\\Admin\\Documents\\FREE STYLE CODE TECHNOLOGIES\\BM\\src\\services\\configuration.service.ts:23:30)","timestamp":"2025-11-10 00:18:31"}
{"level":"info","message":"PostgreSQL connected.","timestamp":"2025-11-10 00:18:33"}
{"level":"info","message":"Database connection established successfully.","timestamp":"2025-11-10 00:18:33"}
{"level":"info","message":"Server is running on port 3000.","timestamp":"2025-11-10 00:18:33"}
{"level":"info","message":"API entry point: /api","timestamp":"2025-11-10 00:18:33"}
{"level":"error","message":"UNEXPECTED SERVER ERROR: full_name is not defined","stack":"ReferenceError: full_name is not defined\n    at createUser (C:\\Users\\Admin\\Documents\\FREE STYLE CODE TECHNOLOGIES\\BM\\src\\models\\user.model.ts:149:66)\n    at Object.createUserAccount (C:\\Users\\Admin\\Documents\\FREE STYLE CODE TECHNOLOGIES\\BM\\src\\services\\user.service.ts:117:40)\n    at C:\\Users\\Admin\\Documents\\FREE STYLE CODE TECHNOLOGIES\\BM\\src\\controller\\auth.controller.ts:147:19","timestamp":"2025-11-10 00:18:42"}
{"level":"info","message":"PostgreSQL connected.","timestamp":"2025-11-10 00:20:06"}
{"level":"info","message":"Database connection established successfully.","timestamp":"2025-11-10 00:20:06"}
{"level":"info","message":"Server is running on port 3000.","timestamp":"2025-11-10 00:20:07"}
{"level":"info","message":"API entry point: /api","timestamp":"2025-11-10 00:20:07"}
{"cause":{},"level":"error","message":"Failed to load configurations into cache: Connection terminated due to connection timeout","stack":"Error: Connection terminated due to connection timeout\n    at C:\\Users\\Admin\\Documents\\FREE STYLE CODE TECHNOLOGIES\\BM\\node_modules\\pg-pool\\index.js:45:11\n    at processTicksAndRejections (node:internal/process/task_queues:105:5)\n    at query (C:\\Users\\Admin\\Documents\\FREE STYLE CODE TECHNOLOGIES\\BM\\src\\config\\database.ts:46:18)\n    at ConfigurationService.loadConfigurationsToCache (C:\\Users\\Admin\\Documents\\FREE STYLE CODE TECHNOLOGIES\\BM\\src\\services\\configuration.service.ts:23:30)","timestamp":"2025-11-10 00:20:09"}
{"cause":{},"level":"error","message":"Failed to load configurations into cache: Connection terminated due to connection timeout","stack":"Error: Connection terminated due to connection timeout\n    at C:\\Users\\Admin\\Documents\\FREE STYLE CODE TECHNOLOGIES\\BM\\node_modules\\pg-pool\\index.js:45:11\n    at processTicksAndRejections (node:internal/process/task_queues:105:5)\n    at query (C:\\Users\\Admin\\Documents\\FREE STYLE CODE TECHNOLOGIES\\BM\\src\\config\\database.ts:46:18)\n    at ConfigurationService.loadConfigurationsToCache (C:\\Users\\Admin\\Documents\\FREE STYLE CODE TECHNOLOGIES\\BM\\src\\services\\configuration.service.ts:23:30)","timestamp":"2025-11-10 00:20:59"}
{"level":"info","message":"PostgreSQL connected.","timestamp":"2025-11-10 00:21:00"}
{"level":"info","message":"Database connection established successfully.","timestamp":"2025-11-10 00:21:00"}
{"level":"info","message":"Server is running on port 3000.","timestamp":"2025-11-10 00:21:00"}
{"level":"info","message":"API entry point: /api","timestamp":"2025-11-10 00:21:00"}
{"code":"42703","file":"parse_target.c","length":126,"level":"error","line":"1070","message":"Database query error: column \"password\" of relation \"users\" does not exist","name":"error","position":"42","routine":"checkInsertTargets","severity":"ERROR","stack":"error: column \"password\" of relation \"users\" does not exist\n    at C:\\Users\\Admin\\Documents\\FREE STYLE CODE TECHNOLOGIES\\BM\\node_modules\\pg\\lib\\client.js:545:17\n    at processTicksAndRejections (node:internal/process/task_queues:105:5)\n    at query (C:\\Users\\Admin\\Documents\\FREE STYLE CODE TECHNOLOGIES\\BM\\src\\config\\database.ts:53:17)\n    at createUser (C:\\Users\\Admin\\Documents\\FREE STYLE CODE TECHNOLOGIES\\BM\\src\\models\\user.model.ts:149:16)\n    at Object.createUserAccount (C:\\Users\\Admin\\Documents\\FREE STYLE CODE TECHNOLOGIES\\BM\\src\\services\\user.service.ts:117:19)\n    at C:\\Users\\Admin\\Documents\\FREE STYLE CODE TECHNOLOGIES\\BM\\src\\controller\\auth.controller.ts:147:19","timestamp":"2025-11-10 00:21:05"}
{"code":"42703","file":"parse_target.c","length":126,"level":"error","line":"1070","message":"UNEXPECTED SERVER ERROR: column \"password\" of relation \"users\" does not exist","name":"error","position":"42","routine":"checkInsertTargets","severity":"ERROR","stack":"error: column \"password\" of relation \"users\" does not exist\n    at C:\\Users\\Admin\\Documents\\FREE STYLE CODE TECHNOLOGIES\\BM\\node_modules\\pg\\lib\\client.js:545:17\n    at processTicksAndRejections (node:internal/process/task_queues:105:5)\n    at query (C:\\Users\\Admin\\Documents\\FREE STYLE CODE TECHNOLOGIES\\BM\\src\\config\\database.ts:53:17)\n    at createUser (C:\\Users\\Admin\\Documents\\FREE STYLE CODE TECHNOLOGIES\\BM\\src\\models\\user.model.ts:149:16)\n    at Object.createUserAccount (C:\\Users\\Admin\\Documents\\FREE STYLE CODE TECHNOLOGIES\\BM\\src\\services\\user.service.ts:117:19)\n    at C:\\Users\\Admin\\Documents\\FREE STYLE CODE TECHNOLOGIES\\BM\\src\\controller\\auth.controller.ts:147:19","timestamp":"2025-11-10 00:21:05"}
{"cause":{},"level":"error","message":"Failed to load configurations into cache: Connection terminated due to connection timeout","stack":"Error: Connection terminated due to connection timeout\n    at C:\\Users\\Admin\\Documents\\FREE STYLE CODE TECHNOLOGIES\\BM\\node_modules\\pg-pool\\index.js:45:11\n    at processTicksAndRejections (node:internal/process/task_queues:105:5)\n    at query (C:\\Users\\Admin\\Documents\\FREE STYLE CODE TECHNOLOGIES\\BM\\src\\config\\database.ts:46:18)\n    at ConfigurationService.loadConfigurationsToCache (C:\\Users\\Admin\\Documents\\FREE STYLE CODE TECHNOLOGIES\\BM\\src\\services\\configuration.service.ts:23:30)","timestamp":"2025-11-10 00:21:51"}
{"level":"info","message":"PostgreSQL connected.","timestamp":"2025-11-10 00:21:51"}
{"level":"info","message":"Database connection established successfully.","timestamp":"2025-11-10 00:21:51"}
{"level":"info","message":"Server is running on port 3000.","timestamp":"2025-11-10 00:21:51"}
{"level":"info","message":"API entry point: /api","timestamp":"2025-11-10 00:21:51"}
{"code":"23505","constraint":"users_username_key","detail":"Key (username)=(fred-mbugua) already exists.","file":"nbtinsert.c","length":212,"level":"error","line":"673","message":"Database query error: duplicate key value violates unique constraint \"users_username_key\"","name":"error","routine":"_bt_check_unique","schema":"public","severity":"ERROR","stack":"error: duplicate key value violates unique constraint \"users_username_key\"\n    at C:\\Users\\Admin\\Documents\\FREE STYLE CODE TECHNOLOGIES\\BM\\node_modules\\pg\\lib\\client.js:545:17\n    at processTicksAndRejections (node:internal/process/task_queues:105:5)\n    at query (C:\\Users\\Admin\\Documents\\FREE STYLE CODE TECHNOLOGIES\\BM\\src\\config\\database.ts:53:17)\n    at createUser (C:\\Users\\Admin\\Documents\\FREE STYLE CODE TECHNOLOGIES\\BM\\src\\models\\user.model.ts:149:16)\n    at Object.createUserAccount (C:\\Users\\Admin\\Documents\\FREE STYLE CODE TECHNOLOGIES\\BM\\src\\services\\user.service.ts:117:19)\n    at C:\\Users\\Admin\\Documents\\FREE STYLE CODE TECHNOLOGIES\\BM\\src\\controller\\auth.controller.ts:147:19","table":"users","timestamp":"2025-11-10 00:23:12"}
{"code":"23505","constraint":"users_username_key","detail":"Key (username)=(fred-mbugua) already exists.","file":"nbtinsert.c","length":212,"level":"error","line":"673","message":"UNEXPECTED SERVER ERROR: duplicate key value violates unique constraint \"users_username_key\"","name":"error","routine":"_bt_check_unique","schema":"public","severity":"ERROR","stack":"error: duplicate key value violates unique constraint \"users_username_key\"\n    at C:\\Users\\Admin\\Documents\\FREE STYLE CODE TECHNOLOGIES\\BM\\node_modules\\pg\\lib\\client.js:545:17\n    at processTicksAndRejections (node:internal/process/task_queues:105:5)\n    at query (C:\\Users\\Admin\\Documents\\FREE STYLE CODE TECHNOLOGIES\\BM\\src\\config\\database.ts:53:17)\n    at createUser (C:\\Users\\Admin\\Documents\\FREE STYLE CODE TECHNOLOGIES\\BM\\src\\models\\user.model.ts:149:16)\n    at Object.createUserAccount (C:\\Users\\Admin\\Documents\\FREE STYLE CODE TECHNOLOGIES\\BM\\src\\services\\user.service.ts:117:19)\n    at C:\\Users\\Admin\\Documents\\FREE STYLE CODE TECHNOLOGIES\\BM\\src\\controller\\auth.controller.ts:147:19","table":"users","timestamp":"2025-11-10 00:23:12"}
{"level":"info","message":"Application configurations loaded into cache.","timestamp":"2025-11-10 00:24:40"}
{"level":"info","message":"PostgreSQL connected.","timestamp":"2025-11-10 00:24:41"}
{"level":"info","message":"Database connection established successfully.","timestamp":"2025-11-10 00:24:41"}
{"level":"info","message":"Server is running on port 3000.","timestamp":"2025-11-10 00:24:41"}
{"level":"info","message":"API entry point: /api","timestamp":"2025-11-10 00:24:41"}
{"level":"info","message":"Application configurations loaded into cache.","timestamp":"2025-11-10 00:25:52"}
{"level":"info","message":"PostgreSQL connected.","timestamp":"2025-11-10 00:25:52"}
{"level":"info","message":"Database connection established successfully.","timestamp":"2025-11-10 00:25:52"}
{"level":"info","message":"Server is running on port 3000.","timestamp":"2025-11-10 00:25:52"}
{"level":"info","message":"API entry point: /api","timestamp":"2025-11-10 00:25:52"}
{"cause":{},"level":"error","message":"Failed to load configurations into cache: Connection terminated due to connection timeout","stack":"Error: Connection terminated due to connection timeout\n    at C:\\Users\\Admin\\Documents\\FREE STYLE CODE TECHNOLOGIES\\BM\\node_modules\\pg-pool\\index.js:45:11\n    at processTicksAndRejections (node:internal/process/task_queues:105:5)\n    at query (C:\\Users\\Admin\\Documents\\FREE STYLE CODE TECHNOLOGIES\\BM\\src\\config\\database.ts:46:18)\n    at ConfigurationService.loadConfigurationsToCache (C:\\Users\\Admin\\Documents\\FREE STYLE CODE TECHNOLOGIES\\BM\\src\\services\\configuration.service.ts:23:30)","timestamp":"2025-11-10 00:27:59"}
{"level":"info","message":"PostgreSQL connected.","timestamp":"2025-11-10 00:28:00"}
{"level":"info","message":"Database connection established successfully.","timestamp":"2025-11-10 00:28:00"}
{"level":"info","message":"Server is running on port 3000.","timestamp":"2025-11-10 00:28:00"}
{"level":"info","message":"API entry point: /api","timestamp":"2025-11-10 00:28:00"}
{"cause":{},"level":"error","message":"Failed to load configurations into cache: Connection terminated due to connection timeout","stack":"Error: Connection terminated due to connection timeout\n    at C:\\Users\\Admin\\Documents\\FREE STYLE CODE TECHNOLOGIES\\BM\\node_modules\\pg-pool\\index.js:45:11\n    at processTicksAndRejections (node:internal/process/task_queues:105:5)\n    at query (C:\\Users\\Admin\\Documents\\FREE STYLE CODE TECHNOLOGIES\\BM\\src\\config\\database.ts:46:18)\n    at ConfigurationService.loadConfigurationsToCache (C:\\Users\\Admin\\Documents\\FREE STYLE CODE TECHNOLOGIES\\BM\\src\\services\\configuration.service.ts:23:30)","timestamp":"2025-11-10 00:28:35"}
{"level":"info","message":"PostgreSQL connected.","timestamp":"2025-11-10 00:28:36"}
{"level":"info","message":"Database connection established successfully.","timestamp":"2025-11-10 00:28:36"}
{"level":"info","message":"Server is running on port 3000.","timestamp":"2025-11-10 00:28:36"}
{"level":"info","message":"API entry point: /api","timestamp":"2025-11-10 00:28:36"}
{"level":"info","message":"PostgreSQL connected.","timestamp":"2025-11-10 00:31:09"}
{"level":"info","message":"Database connection established successfully.","timestamp":"2025-11-10 00:31:09"}
{"level":"info","message":"Server is running on port 3000.","timestamp":"2025-11-10 00:31:10"}
{"level":"info","message":"API entry point: /api","timestamp":"2025-11-10 00:31:10"}
{"level":"info","message":"Application configurations loaded into cache.","timestamp":"2025-11-10 00:31:10"}
{"cause":{},"level":"error","message":"Failed to load configurations into cache: Connection terminated due to connection timeout","stack":"Error: Connection terminated due to connection timeout\n    at C:\\Users\\Admin\\Documents\\FREE STYLE CODE TECHNOLOGIES\\BM\\node_modules\\pg-pool\\index.js:45:11\n    at processTicksAndRejections (node:internal/process/task_queues:105:5)\n    at query (C:\\Users\\Admin\\Documents\\FREE STYLE CODE TECHNOLOGIES\\BM\\src\\config\\database.ts:46:18)\n    at ConfigurationService.loadConfigurationsToCache (C:\\Users\\Admin\\Documents\\FREE STYLE CODE TECHNOLOGIES\\BM\\src\\services\\configuration.service.ts:23:30)","timestamp":"2025-11-10 00:33:24"}
{"level":"info","message":"PostgreSQL connected.","timestamp":"2025-11-10 00:33:24"}
{"level":"info","message":"Database connection established successfully.","timestamp":"2025-11-10 00:33:25"}
{"level":"info","message":"Server is running on port 3000.","timestamp":"2025-11-10 00:33:25"}
{"level":"info","message":"API entry point: /api","timestamp":"2025-11-10 00:33:25"}
{"level":"info","message":"PostgreSQL connected.","timestamp":"2025-11-13 22:19:29"}
{"level":"info","message":"Database connection established successfully.","timestamp":"2025-11-13 22:19:29"}
{"level":"info","message":"Server is running on port 3000.","timestamp":"2025-11-13 22:19:29"}
{"level":"info","message":"API entry point: /api","timestamp":"2025-11-13 22:19:29"}
{"level":"info","message":"Application configurations loaded into cache.","timestamp":"2025-11-13 22:19:29"}
{"level":"info","message":"PostgreSQL connected.","timestamp":"2025-11-14 21:10:50"}
{"level":"info","message":"Database connection established successfully.","timestamp":"2025-11-14 21:10:50"}
{"level":"info","message":"Server is running on port 3000.","timestamp":"2025-11-14 21:10:50"}
{"level":"info","message":"API entry point: /api","timestamp":"2025-11-14 21:10:50"}
{"level":"info","message":"Application configurations loaded into cache.","timestamp":"2025-11-14 21:10:50"}
{"level":"info","message":"Application configurations loaded into cache.","timestamp":"2025-11-14 21:11:03"}
{"level":"info","message":"PostgreSQL connected.","timestamp":"2025-11-14 21:11:03"}
{"level":"info","message":"Database connection established successfully.","timestamp":"2025-11-14 21:11:03"}
{"level":"info","message":"Server is running on port 3000.","timestamp":"2025-11-14 21:11:03"}
{"level":"info","message":"API entry point: /api","timestamp":"2025-11-14 21:11:03"}
{"level":"info","message":"PostgreSQL connected.","timestamp":"2025-11-14 21:27:39"}
{"level":"info","message":"Database connection established successfully.","timestamp":"2025-11-14 21:27:39"}
{"level":"info","message":"Server is running on port 3000.","timestamp":"2025-11-14 21:27:39"}
{"level":"info","message":"API entry point: /api","timestamp":"2025-11-14 21:27:39"}
{"level":"info","message":"Application configurations loaded into cache.","timestamp":"2025-11-14 21:27:39"}
{"level":"info","message":"Application configurations loaded into cache.","timestamp":"2025-11-14 21:27:50"}
{"level":"info","message":"PostgreSQL connected.","timestamp":"2025-11-14 21:27:50"}
{"level":"info","message":"Database connection established successfully.","timestamp":"2025-11-14 21:27:50"}
{"level":"info","message":"Server is running on port 3000.","timestamp":"2025-11-14 21:27:50"}
{"level":"info","message":"API entry point: /api","timestamp":"2025-11-14 21:27:50"}
{"level":"info","message":"PostgreSQL connected.","timestamp":"2025-11-14 21:27:51"}
{"level":"info","message":"Database connection established successfully.","timestamp":"2025-11-14 21:27:51"}
{"level":"info","message":"Server is running on port 3000.","timestamp":"2025-11-14 21:27:51"}
{"level":"info","message":"API entry point: /api","timestamp":"2025-11-14 21:27:51"}
{"level":"info","message":"Application configurations loaded into cache.","timestamp":"2025-11-14 21:27:51"}
{"level":"info","message":"Application configurations loaded into cache.","timestamp":"2025-11-14 21:27:59"}
{"level":"info","message":"PostgreSQL connected.","timestamp":"2025-11-14 21:27:59"}
{"level":"info","message":"Database connection established successfully.","timestamp":"2025-11-14 21:27:59"}
{"level":"info","message":"Server is running on port 3000.","timestamp":"2025-11-14 21:27:59"}
{"level":"info","message":"API entry point: /api","timestamp":"2025-11-14 21:27:59"}
{"level":"info","message":"PostgreSQL connected.","timestamp":"2025-11-14 21:28:09"}
{"level":"info","message":"Database connection established successfully.","timestamp":"2025-11-14 21:28:09"}
{"level":"info","message":"Server is running on port 3000.","timestamp":"2025-11-14 21:28:09"}
{"level":"info","message":"API entry point: /api","timestamp":"2025-11-14 21:28:09"}
{"level":"info","message":"Application configurations loaded into cache.","timestamp":"2025-11-14 21:28:09"}
{"level":"info","message":"Application configurations loaded into cache.","timestamp":"2025-11-14 21:31:38"}
{"level":"info","message":"PostgreSQL connected.","timestamp":"2025-11-14 21:31:38"}
{"level":"info","message":"Database connection established successfully.","timestamp":"2025-11-14 21:31:38"}
{"level":"info","message":"Server is running on port 3000.","timestamp":"2025-11-14 21:31:38"}
{"level":"info","message":"API entry point: /api","timestamp":"2025-11-14 21:31:38"}
{"code":"42703","file":"parse_relation.c","length":108,"level":"error","line":"3718","message":"Database query error: column u.password does not exist","name":"error","position":"48","routine":"errorMissingColumn","severity":"ERROR","stack":"error: column u.password does not exist\n    at E:\\Pers\\Fred\\Pers\\Free Style Code Technologies\\BM\\bm-inventory\\node_modules\\pg\\lib\\client.js:545:17\n    at processTicksAndRejections (node:internal/process/task_queues:95:5)\n    at query (E:\\Pers\\Fred\\Pers\\Free Style Code Technologies\\BM\\bm-inventory\\src\\config\\database.ts:53:17)\n    at findUserByUsernameOrEmailForAuth (E:\\Pers\\Fred\\Pers\\Free Style Code Technologies\\BM\\bm-inventory\\src\\models\\user.model.ts:46:16)\n    at loginUser (E:\\Pers\\Fred\\Pers\\Free Style Code Technologies\\BM\\bm-inventory\\src\\services\\auth.service.ts:22:16)\n    at E:\\Pers\\Fred\\Pers\\Free Style Code Technologies\\BM\\bm-inventory\\src\\controller\\auth.controller.ts:47:30","timestamp":"2025-11-14 21:33:25"}
{"code":"42703","file":"parse_relation.c","length":108,"level":"error","line":"3718","message":"UNEXPECTED SERVER ERROR: column u.password does not exist","name":"error","position":"48","routine":"errorMissingColumn","severity":"ERROR","stack":"error: column u.password does not exist\n    at E:\\Pers\\Fred\\Pers\\Free Style Code Technologies\\BM\\bm-inventory\\node_modules\\pg\\lib\\client.js:545:17\n    at processTicksAndRejections (node:internal/process/task_queues:95:5)\n    at query (E:\\Pers\\Fred\\Pers\\Free Style Code Technologies\\BM\\bm-inventory\\src\\config\\database.ts:53:17)\n    at findUserByUsernameOrEmailForAuth (E:\\Pers\\Fred\\Pers\\Free Style Code Technologies\\BM\\bm-inventory\\src\\models\\user.model.ts:46:16)\n    at loginUser (E:\\Pers\\Fred\\Pers\\Free Style Code Technologies\\BM\\bm-inventory\\src\\services\\auth.service.ts:22:16)\n    at E:\\Pers\\Fred\\Pers\\Free Style Code Technologies\\BM\\bm-inventory\\src\\controller\\auth.controller.ts:47:30","timestamp":"2025-11-14 21:33:25"}
{"level":"info","message":"Application configurations loaded into cache.","timestamp":"2025-11-14 21:34:59"}
{"level":"info","message":"PostgreSQL connected.","timestamp":"2025-11-14 21:34:59"}
{"level":"info","message":"Database connection established successfully.","timestamp":"2025-11-14 21:34:59"}
{"level":"info","message":"Server is running on port 3000.","timestamp":"2025-11-14 21:34:59"}
{"level":"info","message":"API entry point: /api","timestamp":"2025-11-14 21:34:59"}
{"level":"info","message":"PostgreSQL connected.","timestamp":"2025-11-14 21:35:16"}
{"level":"info","message":"Database connection established successfully.","timestamp":"2025-11-14 21:35:16"}
{"level":"info","message":"Server is running on port 3000.","timestamp":"2025-11-14 21:35:16"}
{"level":"info","message":"API entry point: /api","timestamp":"2025-11-14 21:35:16"}
{"level":"info","message":"Application configurations loaded into cache.","timestamp":"2025-11-14 21:35:16"}
{"level":"error","message":"UNEXPECTED SERVER ERROR: Illegal arguments: string, undefined","stack":"Error: Illegal arguments: string, undefined\n    at _async (E:\\Pers\\Fred\\Pers\\Free Style Code Technologies\\BM\\bm-inventory\\node_modules\\bcryptjs\\umd\\index.js:305:15)\n    at E:\\Pers\\Fred\\Pers\\Free Style Code Technologies\\BM\\bm-inventory\\node_modules\\bcryptjs\\umd\\index.js:335:11\n    at new Promise (<anonymous>)\n    at Object.compare (E:\\Pers\\Fred\\Pers\\Free Style Code Technologies\\BM\\bm-inventory\\node_modules\\bcryptjs\\umd\\index.js:334:16)\n    at comparePassword (E:\\Pers\\Fred\\Pers\\Free Style Code Technologies\\BM\\bm-inventory\\src\\utils\\password.ts:26:17)\n    at loginUser (E:\\Pers\\Fred\\Pers\\Free Style Code Technologies\\BM\\bm-inventory\\src\\services\\auth.service.ts:31:40)\n    at processTicksAndRejections (node:internal/process/task_queues:95:5)\n    at E:\\Pers\\Fred\\Pers\\Free Style Code Technologies\\BM\\bm-inventory\\src\\controller\\auth.controller.ts:47:30","timestamp":"2025-11-14 21:35:22"}
{"level":"info","message":"PostgreSQL connected.","timestamp":"2025-11-14 21:44:16"}
{"level":"info","message":"Database connection established successfully.","timestamp":"2025-11-14 21:44:16"}
{"level":"info","message":"Server is running on port 3000.","timestamp":"2025-11-14 21:44:16"}
{"level":"info","message":"API entry point: /api","timestamp":"2025-11-14 21:44:16"}
{"level":"info","message":"Application configurations loaded into cache.","timestamp":"2025-11-14 21:44:16"}
{"level":"info","message":"Application configurations loaded into cache.","timestamp":"2025-11-14 21:44:48"}
{"level":"info","message":"PostgreSQL connected.","timestamp":"2025-11-14 21:44:48"}
{"level":"info","message":"Database connection established successfully.","timestamp":"2025-11-14 21:44:48"}
{"level":"info","message":"Server is running on port 3000.","timestamp":"2025-11-14 21:44:48"}
{"level":"info","message":"API entry point: /api","timestamp":"2025-11-14 21:44:48"}
{"cause":{},"level":"error","message":"Failed to load configurations into cache: Connection terminated due to connection timeout","stack":"Error: Connection terminated due to connection timeout\n    at E:\\Pers\\Fred\\Pers\\Free Style Code Technologies\\BM\\bm-inventory\\node_modules\\pg-pool\\index.js:45:11\n    at processTicksAndRejections (node:internal/process/task_queues:95:5)\n    at query (E:\\Pers\\Fred\\Pers\\Free Style Code Technologies\\BM\\bm-inventory\\src\\config\\database.ts:46:18)\n    at ConfigurationService.loadConfigurationsToCache (E:\\Pers\\Fred\\Pers\\Free Style Code Technologies\\BM\\bm-inventory\\src\\services\\configuration.service.ts:23:30)","timestamp":"2025-11-14 22:10:40"}
{"level":"info","message":"PostgreSQL connected.","timestamp":"2025-11-14 22:10:41"}
{"level":"info","message":"Database connection established successfully.","timestamp":"2025-11-14 22:10:41"}
{"level":"info","message":"Server is running on port 3000.","timestamp":"2025-11-14 22:10:41"}
{"level":"info","message":"API entry point: /api","timestamp":"2025-11-14 22:10:41"}
{"level":"info","message":"Application configurations loaded into cache.","timestamp":"2025-11-14 22:10:47"}
{"level":"info","message":"PostgreSQL connected.","timestamp":"2025-11-14 22:10:47"}
{"level":"info","message":"Database connection established successfully.","timestamp":"2025-11-14 22:10:47"}
{"level":"info","message":"Server is running on port 3000.","timestamp":"2025-11-14 22:10:47"}
{"level":"info","message":"API entry point: /api","timestamp":"2025-11-14 22:10:47"}
{"level":"info","message":"PostgreSQL connected.","timestamp":"2025-11-14 22:11:30"}
{"level":"info","message":"Database connection established successfully.","timestamp":"2025-11-14 22:11:30"}
{"level":"info","message":"Server is running on port 3000.","timestamp":"2025-11-14 22:11:30"}
{"level":"info","message":"API entry point: /api","timestamp":"2025-11-14 22:11:30"}
{"level":"info","message":"Application configurations loaded into cache.","timestamp":"2025-11-14 22:11:30"}
{"level":"info","message":"Application configurations loaded into cache.","timestamp":"2025-11-14 22:11:35"}
{"level":"info","message":"PostgreSQL connected.","timestamp":"2025-11-14 22:11:35"}
{"level":"info","message":"Database connection established successfully.","timestamp":"2025-11-14 22:11:35"}
{"level":"info","message":"Server is running on port 3000.","timestamp":"2025-11-14 22:11:35"}
{"level":"info","message":"API entry point: /api","timestamp":"2025-11-14 22:11:35"}
{"level":"info","message":"Application configurations loaded into cache.","timestamp":"2025-11-14 22:18:31"}
{"level":"info","message":"PostgreSQL connected.","timestamp":"2025-11-14 22:18:31"}
{"level":"info","message":"Database connection established successfully.","timestamp":"2025-11-14 22:18:31"}
{"level":"info","message":"Server is running on port 3000.","timestamp":"2025-11-14 22:18:31"}
{"level":"info","message":"API entry point: /api","timestamp":"2025-11-14 22:18:31"}
{"level":"info","message":"Application configurations loaded into cache.","timestamp":"2025-11-14 22:18:40"}
{"level":"info","message":"PostgreSQL connected.","timestamp":"2025-11-14 22:18:40"}
{"level":"info","message":"Database connection established successfully.","timestamp":"2025-11-14 22:18:40"}
{"level":"info","message":"Server is running on port 3000.","timestamp":"2025-11-14 22:18:40"}
{"level":"info","message":"API entry point: /api","timestamp":"2025-11-14 22:18:40"}
{"level":"info","message":"Application configurations loaded into cache.","timestamp":"2025-11-14 22:21:51"}
{"level":"info","message":"PostgreSQL connected.","timestamp":"2025-11-14 22:21:51"}
{"level":"info","message":"Database connection established successfully.","timestamp":"2025-11-14 22:21:51"}
{"level":"info","message":"Server is running on port 3000.","timestamp":"2025-11-14 22:21:51"}
{"level":"info","message":"API entry point: /api","timestamp":"2025-11-14 22:21:51"}
{"level":"info","message":"PostgreSQL connected.","timestamp":"2025-11-14 22:22:34"}
{"level":"info","message":"Database connection established successfully.","timestamp":"2025-11-14 22:22:34"}
{"level":"info","message":"Server is running on port 3000.","timestamp":"2025-11-14 22:22:34"}
{"level":"info","message":"API entry point: /api","timestamp":"2025-11-14 22:22:34"}
{"level":"info","message":"Application configurations loaded into cache.","timestamp":"2025-11-14 22:22:34"}
{"level":"info","message":"PostgreSQL connected.","timestamp":"2025-11-14 22:24:00"}
{"level":"info","message":"Database connection established successfully.","timestamp":"2025-11-14 22:24:00"}
{"level":"info","message":"Server is running on port 3000.","timestamp":"2025-11-14 22:24:00"}
{"level":"info","message":"API entry point: /api","timestamp":"2025-11-14 22:24:00"}
{"level":"info","message":"Application configurations loaded into cache.","timestamp":"2025-11-14 22:24:00"}
{"level":"info","message":"PostgreSQL connected.","timestamp":"2025-11-14 22:24:06"}
{"level":"info","message":"Database connection established successfully.","timestamp":"2025-11-14 22:24:06"}
{"level":"info","message":"Server is running on port 3000.","timestamp":"2025-11-14 22:24:06"}
{"level":"info","message":"API entry point: /api","timestamp":"2025-11-14 22:24:06"}
{"level":"info","message":"Application configurations loaded into cache.","timestamp":"2025-11-14 22:24:06"}
{"level":"info","message":"PostgreSQL connected.","timestamp":"2025-11-14 22:24:26"}
{"level":"info","message":"Database connection established successfully.","timestamp":"2025-11-14 22:24:26"}
{"level":"info","message":"Server is running on port 3000.","timestamp":"2025-11-14 22:24:26"}
{"level":"info","message":"API entry point: /api","timestamp":"2025-11-14 22:24:26"}
{"level":"info","message":"Application configurations loaded into cache.","timestamp":"2025-11-14 22:24:26"}
{"level":"info","message":"PostgreSQL connected.","timestamp":"2025-11-14 22:24:30"}
{"level":"info","message":"Database connection established successfully.","timestamp":"2025-11-14 22:24:30"}
{"level":"info","message":"Server is running on port 3000.","timestamp":"2025-11-14 22:24:30"}
{"level":"info","message":"API entry point: /api","timestamp":"2025-11-14 22:24:30"}
{"level":"info","message":"Application configurations loaded into cache.","timestamp":"2025-11-14 22:24:30"}
{"cause":{},"level":"error","message":"Failed to load configurations into cache: Connection terminated due to connection timeout","stack":"Error: Connection terminated due to connection timeout\n    at E:\\Pers\\Fred\\Pers\\Free Style Code Technologies\\BM\\bm-inventory\\node_modules\\pg-pool\\index.js:45:11\n    at processTicksAndRejections (node:internal/process/task_queues:95:5)\n    at query (E:\\Pers\\Fred\\Pers\\Free Style Code Technologies\\BM\\bm-inventory\\src\\config\\database.ts:46:18)\n    at ConfigurationService.loadConfigurationsToCache (E:\\Pers\\Fred\\Pers\\Free Style Code Technologies\\BM\\bm-inventory\\src\\services\\configuration.service.ts:23:30)","timestamp":"2025-11-15 22:15:25"}
{"cause":{},"level":"error","message":"PostgreSQL connection error: Connection terminated due to connection timeout","stack":"Error: Connection terminated due to connection timeout\n    at E:\\Pers\\Fred\\Pers\\Free Style Code Technologies\\BM\\bm-inventory\\node_modules\\pg-pool\\index.js:45:11\n    at processTicksAndRejections (node:internal/process/task_queues:95:5)\n    at connectDB (E:\\Pers\\Fred\\Pers\\Free Style Code Technologies\\BM\\bm-inventory\\src\\config\\database.ts:32:5)\n    at startServer (E:\\Pers\\Fred\\Pers\\Free Style Code Technologies\\BM\\bm-inventory\\src\\server.ts:13:5)","timestamp":"2025-11-15 22:15:27"}
{"level":"info","message":"PostgreSQL connected.","timestamp":"2025-11-15 22:16:28"}
{"level":"info","message":"Database connection established successfully.","timestamp":"2025-11-15 22:16:28"}
{"level":"info","message":"Server is running on port 3000.","timestamp":"2025-11-15 22:16:28"}
{"level":"info","message":"API entry point: /api","timestamp":"2025-11-15 22:16:28"}
{"level":"info","message":"Application configurations loaded into cache.","timestamp":"2025-11-15 22:16:28"}
{"level":"info","message":"Application configurations loaded into cache.","timestamp":"2025-11-15 22:27:41"}
{"level":"info","message":"PostgreSQL connected.","timestamp":"2025-11-15 22:27:41"}
{"level":"info","message":"Database connection established successfully.","timestamp":"2025-11-15 22:27:41"}
{"level":"info","message":"Server is running on port 3000.","timestamp":"2025-11-15 22:27:41"}
{"level":"info","message":"API entry point: /api","timestamp":"2025-11-15 22:27:41"}
{"level":"info","message":"PostgreSQL connected.","timestamp":"2025-11-15 22:27:43"}
{"level":"info","message":"Database connection established successfully.","timestamp":"2025-11-15 22:27:43"}
{"level":"info","message":"Server is running on port 3000.","timestamp":"2025-11-15 22:27:43"}
{"level":"info","message":"API entry point: /api","timestamp":"2025-11-15 22:27:43"}
{"level":"info","message":"Application configurations loaded into cache.","timestamp":"2025-11-15 22:27:43"}
{"level":"info","message":"Application configurations loaded into cache.","timestamp":"2025-11-15 22:27:49"}
{"level":"info","message":"PostgreSQL connected.","timestamp":"2025-11-15 22:27:49"}
{"level":"info","message":"Database connection established successfully.","timestamp":"2025-11-15 22:27:49"}
{"level":"info","message":"Server is running on port 3000.","timestamp":"2025-11-15 22:27:49"}
{"level":"info","message":"API entry point: /api","timestamp":"2025-11-15 22:27:49"}
{"level":"info","message":"PostgreSQL connected.","timestamp":"2025-11-15 22:27:54"}
{"level":"info","message":"Database connection established successfully.","timestamp":"2025-11-15 22:27:54"}
{"level":"info","message":"Server is running on port 3000.","timestamp":"2025-11-15 22:27:54"}
{"level":"info","message":"API entry point: /api","timestamp":"2025-11-15 22:27:54"}
{"level":"info","message":"Application configurations loaded into cache.","timestamp":"2025-11-15 22:27:54"}
{"level":"info","message":"PostgreSQL connected.","timestamp":"2025-11-15 22:28:00"}
{"level":"info","message":"Database connection established successfully.","timestamp":"2025-11-15 22:28:00"}
{"level":"info","message":"Server is running on port 3000.","timestamp":"2025-11-15 22:28:00"}
{"level":"info","message":"API entry point: /api","timestamp":"2025-11-15 22:28:00"}
{"level":"info","message":"Application configurations loaded into cache.","timestamp":"2025-11-15 22:28:00"}
{"level":"info","message":"Application configurations loaded into cache.","timestamp":"2025-11-15 22:29:01"}
{"level":"info","message":"PostgreSQL connected.","timestamp":"2025-11-15 22:29:01"}
{"level":"info","message":"Database connection established successfully.","timestamp":"2025-11-15 22:29:01"}
{"level":"info","message":"Server is running on port 3000.","timestamp":"2025-11-15 22:29:01"}
{"level":"info","message":"API entry point: /api","timestamp":"2025-11-15 22:29:01"}
{"level":"info","message":"Application configurations loaded into cache.","timestamp":"2025-11-15 22:32:47"}
{"level":"info","message":"PostgreSQL connected.","timestamp":"2025-11-15 22:32:47"}
{"level":"info","message":"Database connection established successfully.","timestamp":"2025-11-15 22:32:47"}
{"level":"info","message":"Server is running on port 3000.","timestamp":"2025-11-15 22:32:47"}
{"level":"info","message":"API entry point: /api","timestamp":"2025-11-15 22:32:47"}
{"level":"info","message":"PostgreSQL connected.","timestamp":"2025-11-15 22:32:52"}
{"level":"info","message":"Database connection established successfully.","timestamp":"2025-11-15 22:32:52"}
{"level":"info","message":"Server is running on port 3000.","timestamp":"2025-11-15 22:32:52"}
{"level":"info","message":"API entry point: /api","timestamp":"2025-11-15 22:32:52"}
{"level":"info","message":"Application configurations loaded into cache.","timestamp":"2025-11-15 22:32:52"}
{"level":"info","message":"Application configurations loaded into cache.","timestamp":"2025-11-15 22:34:34"}
{"level":"info","message":"PostgreSQL connected.","timestamp":"2025-11-15 22:34:34"}
{"level":"info","message":"Database connection established successfully.","timestamp":"2025-11-15 22:34:34"}
{"level":"info","message":"Server is running on port 3000.","timestamp":"2025-11-15 22:34:34"}
{"level":"info","message":"API entry point: /api","timestamp":"2025-11-15 22:34:34"}
{"level":"info","message":"Application configurations loaded into cache.","timestamp":"2025-11-15 22:35:25"}
{"level":"info","message":"PostgreSQL connected.","timestamp":"2025-11-15 22:35:25"}
{"level":"info","message":"Database connection established successfully.","timestamp":"2025-11-15 22:35:25"}
{"level":"info","message":"Server is running on port 3000.","timestamp":"2025-11-15 22:35:25"}
{"level":"info","message":"API entry point: /api","timestamp":"2025-11-15 22:35:25"}
{"level":"info","message":"PostgreSQL connected.","timestamp":"2025-11-15 22:35:28"}
{"level":"info","message":"Database connection established successfully.","timestamp":"2025-11-15 22:35:28"}
{"level":"info","message":"Server is running on port 3000.","timestamp":"2025-11-15 22:35:28"}
{"level":"info","message":"API entry point: /api","timestamp":"2025-11-15 22:35:28"}
{"level":"info","message":"Application configurations loaded into cache.","timestamp":"2025-11-15 22:35:28"}
{"level":"info","message":"Application configurations loaded into cache.","timestamp":"2025-11-15 22:35:31"}
{"level":"info","message":"PostgreSQL connected.","timestamp":"2025-11-15 22:35:31"}
{"level":"info","message":"Database connection established successfully.","timestamp":"2025-11-15 22:35:31"}
{"level":"info","message":"Server is running on port 3000.","timestamp":"2025-11-15 22:35:31"}
{"level":"info","message":"API entry point: /api","timestamp":"2025-11-15 22:35:31"}
{"level":"info","message":"Application configurations loaded into cache.","timestamp":"2025-11-15 22:50:10"}
{"level":"info","message":"PostgreSQL connected.","timestamp":"2025-11-15 22:50:10"}
{"level":"info","message":"Database connection established successfully.","timestamp":"2025-11-15 22:50:10"}
{"level":"info","message":"Server is running on port 3000.","timestamp":"2025-11-15 22:50:10"}
{"level":"info","message":"API entry point: /api","timestamp":"2025-11-15 22:50:10"}
{"level":"info","message":"PostgreSQL connected.","timestamp":"2025-11-15 22:50:18"}
{"level":"info","message":"Database connection established successfully.","timestamp":"2025-11-15 22:50:18"}
{"level":"info","message":"Server is running on port 3000.","timestamp":"2025-11-15 22:50:18"}
{"level":"info","message":"API entry point: /api","timestamp":"2025-11-15 22:50:18"}
{"level":"info","message":"Application configurations loaded into cache.","timestamp":"2025-11-15 22:50:18"}
{"level":"info","message":"Application configurations loaded into cache.","timestamp":"2025-11-15 22:50:28"}
{"level":"info","message":"PostgreSQL connected.","timestamp":"2025-11-15 22:50:28"}
{"level":"info","message":"Database connection established successfully.","timestamp":"2025-11-15 22:50:28"}
{"level":"info","message":"Server is running on port 3000.","timestamp":"2025-11-15 22:50:28"}
{"level":"info","message":"API entry point: /api","timestamp":"2025-11-15 22:50:28"}
{"level":"info","message":"Application configurations loaded into cache.","timestamp":"2025-11-15 22:52:36"}
{"level":"info","message":"PostgreSQL connected.","timestamp":"2025-11-15 22:52:36"}
{"level":"info","message":"Database connection established successfully.","timestamp":"2025-11-15 22:52:36"}
{"level":"info","message":"Server is running on port 3000.","timestamp":"2025-11-15 22:52:36"}
{"level":"info","message":"API entry point: /api","timestamp":"2025-11-15 22:52:36"}
{"level":"info","message":"PostgreSQL connected.","timestamp":"2025-11-15 22:53:51"}
{"level":"info","message":"Database connection established successfully.","timestamp":"2025-11-15 22:53:51"}
{"level":"info","message":"Server is running on port 3000.","timestamp":"2025-11-15 22:53:51"}
{"level":"info","message":"API entry point: /api","timestamp":"2025-11-15 22:53:51"}
{"level":"info","message":"Application configurations loaded into cache.","timestamp":"2025-11-15 22:53:51"}
{"level":"info","message":"Application configurations loaded into cache.","timestamp":"2025-11-15 22:54:21"}
{"level":"info","message":"PostgreSQL connected.","timestamp":"2025-11-15 22:54:21"}
{"level":"info","message":"Database connection established successfully.","timestamp":"2025-11-15 22:54:21"}
{"level":"info","message":"Server is running on port 3000.","timestamp":"2025-11-15 22:54:21"}
{"level":"info","message":"API entry point: /api","timestamp":"2025-11-15 22:54:21"}
{"level":"info","message":"Application configurations loaded into cache.","timestamp":"2025-11-15 22:54:30"}
{"level":"info","message":"PostgreSQL connected.","timestamp":"2025-11-15 22:54:30"}
{"level":"info","message":"Database connection established successfully.","timestamp":"2025-11-15 22:54:30"}
{"level":"info","message":"Server is running on port 3000.","timestamp":"2025-11-15 22:54:30"}
{"level":"info","message":"API entry point: /api","timestamp":"2025-11-15 22:54:30"}
{"level":"info","message":"Application configurations loaded into cache.","timestamp":"2025-11-15 22:54:38"}
{"level":"info","message":"PostgreSQL connected.","timestamp":"2025-11-15 22:54:38"}
{"level":"info","message":"Database connection established successfully.","timestamp":"2025-11-15 22:54:38"}
{"level":"info","message":"Server is running on port 3000.","timestamp":"2025-11-15 22:54:38"}
{"level":"info","message":"API entry point: /api","timestamp":"2025-11-15 22:54:38"}
{"level":"info","message":"PostgreSQL connected.","timestamp":"2025-11-15 22:54:46"}
{"level":"info","message":"Database connection established successfully.","timestamp":"2025-11-15 22:54:46"}
{"level":"info","message":"Server is running on port 3000.","timestamp":"2025-11-15 22:54:46"}
{"level":"info","message":"API entry point: /api","timestamp":"2025-11-15 22:54:46"}
{"level":"info","message":"Application configurations loaded into cache.","timestamp":"2025-11-15 22:54:46"}
{"level":"info","message":"Application configurations loaded into cache.","timestamp":"2025-11-15 23:10:54"}
{"level":"info","message":"PostgreSQL connected.","timestamp":"2025-11-15 23:10:54"}
{"level":"info","message":"Database connection established successfully.","timestamp":"2025-11-15 23:10:54"}
{"level":"info","message":"Server is running on port 3000.","timestamp":"2025-11-15 23:10:54"}
{"level":"info","message":"API entry point: /api","timestamp":"2025-11-15 23:10:54"}
{"level":"info","message":"Application configurations loaded into cache.","timestamp":"2025-11-15 23:12:54"}
{"level":"info","message":"PostgreSQL connected.","timestamp":"2025-11-15 23:12:54"}
{"level":"info","message":"Database connection established successfully.","timestamp":"2025-11-15 23:12:54"}
{"level":"info","message":"Server is running on port 3000.","timestamp":"2025-11-15 23:12:54"}
{"level":"info","message":"API entry point: /api","timestamp":"2025-11-15 23:12:54"}
{"level":"info","message":"PostgreSQL connected.","timestamp":"2025-11-15 23:13:22"}
{"level":"info","message":"Database connection established successfully.","timestamp":"2025-11-15 23:13:22"}
{"level":"info","message":"Server is running on port 3000.","timestamp":"2025-11-15 23:13:22"}
{"level":"info","message":"API entry point: /api","timestamp":"2025-11-15 23:13:22"}
{"level":"info","message":"Application configurations loaded into cache.","timestamp":"2025-11-15 23:13:22"}
{"level":"info","message":"PostgreSQL connected.","timestamp":"2025-11-15 23:13:30"}
{"level":"info","message":"Database connection established successfully.","timestamp":"2025-11-15 23:13:30"}
{"level":"info","message":"Server is running on port 3000.","timestamp":"2025-11-15 23:13:30"}
{"level":"info","message":"API entry point: /api","timestamp":"2025-11-15 23:13:30"}
{"level":"info","message":"Application configurations loaded into cache.","timestamp":"2025-11-15 23:13:30"}
{"level":"info","message":"PostgreSQL connected.","timestamp":"2025-11-15 23:13:58"}
{"level":"info","message":"Database connection established successfully.","timestamp":"2025-11-15 23:13:58"}
{"level":"info","message":"Server is running on port 3000.","timestamp":"2025-11-15 23:13:58"}
{"level":"info","message":"API entry point: /api","timestamp":"2025-11-15 23:13:58"}
{"level":"info","message":"Application configurations loaded into cache.","timestamp":"2025-11-15 23:13:58"}
{"level":"info","message":"Application configurations loaded into cache.","timestamp":"2025-11-15 23:14:40"}
{"level":"info","message":"PostgreSQL connected.","timestamp":"2025-11-15 23:14:40"}
{"level":"info","message":"Database connection established successfully.","timestamp":"2025-11-15 23:14:40"}
{"level":"info","message":"Server is running on port 3000.","timestamp":"2025-11-15 23:14:40"}
{"level":"info","message":"API entry point: /api","timestamp":"2025-11-15 23:14:40"}
{"level":"info","message":"PostgreSQL connected.","timestamp":"2025-11-15 23:21:00"}
{"level":"info","message":"Database connection established successfully.","timestamp":"2025-11-15 23:21:00"}
{"level":"info","message":"Server is running on port 3000.","timestamp":"2025-11-15 23:21:00"}
{"level":"info","message":"API entry point: /api","timestamp":"2025-11-15 23:21:00"}
{"level":"info","message":"Application configurations loaded into cache.","timestamp":"2025-11-15 23:21:00"}
{"level":"info","message":"PostgreSQL connected.","timestamp":"2025-11-15 23:22:03"}
{"level":"info","message":"Database connection established successfully.","timestamp":"2025-11-15 23:22:03"}
{"level":"info","message":"Server is running on port 3000.","timestamp":"2025-11-15 23:22:03"}
{"level":"info","message":"API entry point: /api","timestamp":"2025-11-15 23:22:03"}
{"level":"info","message":"Application configurations loaded into cache.","timestamp":"2025-11-15 23:22:03"}
{"level":"info","message":"PostgreSQL connected.","timestamp":"2025-11-15 23:22:15"}
{"level":"info","message":"Database connection established successfully.","timestamp":"2025-11-15 23:22:15"}
{"level":"info","message":"Server is running on port 3000.","timestamp":"2025-11-15 23:22:15"}
{"level":"info","message":"API entry point: /api","timestamp":"2025-11-15 23:22:15"}
{"level":"info","message":"Application configurations loaded into cache.","timestamp":"2025-11-15 23:22:15"}
{"level":"info","message":"PostgreSQL connected.","timestamp":"2025-11-15 23:22:38"}
{"level":"info","message":"Database connection established successfully.","timestamp":"2025-11-15 23:22:38"}
{"level":"info","message":"Server is running on port 3000.","timestamp":"2025-11-15 23:22:38"}
{"level":"info","message":"API entry point: /api","timestamp":"2025-11-15 23:22:38"}
{"level":"info","message":"Application configurations loaded into cache.","timestamp":"2025-11-15 23:22:38"}
{"level":"info","message":"Application configurations loaded into cache.","timestamp":"2025-11-15 23:23:19"}
{"level":"info","message":"PostgreSQL connected.","timestamp":"2025-11-15 23:23:19"}
{"level":"info","message":"Database connection established successfully.","timestamp":"2025-11-15 23:23:19"}
{"level":"info","message":"Server is running on port 3000.","timestamp":"2025-11-15 23:23:19"}
{"level":"info","message":"API entry point: /api","timestamp":"2025-11-15 23:23:19"}
{"level":"info","message":"Application configurations loaded into cache.","timestamp":"2025-11-15 23:23:23"}
{"level":"info","message":"PostgreSQL connected.","timestamp":"2025-11-15 23:23:24"}
{"level":"info","message":"Database connection established successfully.","timestamp":"2025-11-15 23:23:24"}
{"level":"info","message":"Server is running on port 3000.","timestamp":"2025-11-15 23:23:24"}
{"level":"info","message":"API entry point: /api","timestamp":"2025-11-15 23:23:24"}
{"level":"info","message":"PostgreSQL connected.","timestamp":"2025-11-15 23:23:36"}
{"level":"info","message":"Database connection established successfully.","timestamp":"2025-11-15 23:23:36"}
{"level":"info","message":"Server is running on port 3000.","timestamp":"2025-11-15 23:23:36"}
{"level":"info","message":"API entry point: /api","timestamp":"2025-11-15 23:23:36"}
{"level":"info","message":"Application configurations loaded into cache.","timestamp":"2025-11-15 23:23:36"}
{"level":"info","message":"PostgreSQL connected.","timestamp":"2025-11-15 23:24:03"}
{"level":"info","message":"Database connection established successfully.","timestamp":"2025-11-15 23:24:03"}
{"level":"info","message":"Server is running on port 3000.","timestamp":"2025-11-15 23:24:03"}
{"level":"info","message":"API entry point: /api","timestamp":"2025-11-15 23:24:03"}
{"level":"info","message":"Application configurations loaded into cache.","timestamp":"2025-11-15 23:24:03"}
{"level":"info","message":"PostgreSQL connected.","timestamp":"2025-11-15 23:24:18"}
{"level":"info","message":"Database connection established successfully.","timestamp":"2025-11-15 23:24:18"}
{"level":"info","message":"Server is running on port 3000.","timestamp":"2025-11-15 23:24:18"}
{"level":"info","message":"API entry point: /api","timestamp":"2025-11-15 23:24:18"}
{"level":"info","message":"Application configurations loaded into cache.","timestamp":"2025-11-15 23:24:18"}
{"level":"info","message":"Application configurations loaded into cache.","timestamp":"2025-11-15 23:24:54"}
{"level":"info","message":"PostgreSQL connected.","timestamp":"2025-11-15 23:24:54"}
{"level":"info","message":"Database connection established successfully.","timestamp":"2025-11-15 23:24:54"}
{"level":"info","message":"Server is running on port 3000.","timestamp":"2025-11-15 23:24:54"}
{"level":"info","message":"API entry point: /api","timestamp":"2025-11-15 23:24:54"}
{"level":"info","message":"PostgreSQL connected.","timestamp":"2025-11-15 23:25:04"}
{"level":"info","message":"Database connection established successfully.","timestamp":"2025-11-15 23:25:04"}
{"level":"info","message":"Server is running on port 3000.","timestamp":"2025-11-15 23:25:04"}
{"level":"info","message":"API entry point: /api","timestamp":"2025-11-15 23:25:04"}
{"level":"info","message":"Application configurations loaded into cache.","timestamp":"2025-11-15 23:25:04"}
{"level":"info","message":"PostgreSQL connected.","timestamp":"2025-11-15 23:29:24"}
{"level":"info","message":"Database connection established successfully.","timestamp":"2025-11-15 23:29:24"}
{"level":"info","message":"Server is running on port 3000.","timestamp":"2025-11-15 23:29:24"}
{"level":"info","message":"API entry point: /api","timestamp":"2025-11-15 23:29:24"}
{"level":"info","message":"Application configurations loaded into cache.","timestamp":"2025-11-15 23:29:24"}
{"level":"info","message":"PostgreSQL connected.","timestamp":"2025-11-15 23:31:01"}
{"level":"info","message":"Database connection established successfully.","timestamp":"2025-11-15 23:31:01"}
{"level":"info","message":"Server is running on port 3000.","timestamp":"2025-11-15 23:31:01"}
{"level":"info","message":"API entry point: /api","timestamp":"2025-11-15 23:31:01"}
{"level":"info","message":"Application configurations loaded into cache.","timestamp":"2025-11-15 23:31:01"}
{"level":"info","message":"PostgreSQL connected.","timestamp":"2025-11-15 23:39:42"}
{"level":"info","message":"Database connection established successfully.","timestamp":"2025-11-15 23:39:42"}
{"level":"info","message":"Server is running on port 3000.","timestamp":"2025-11-15 23:39:42"}
{"level":"info","message":"API entry point: /api","timestamp":"2025-11-15 23:39:42"}
{"level":"info","message":"Application configurations loaded into cache.","timestamp":"2025-11-15 23:39:42"}
{"level":"info","message":"Application configurations loaded into cache.","timestamp":"2025-11-15 23:39:48"}
{"level":"info","message":"PostgreSQL connected.","timestamp":"2025-11-15 23:39:48"}
{"level":"info","message":"Database connection established successfully.","timestamp":"2025-11-15 23:39:48"}
{"level":"info","message":"Server is running on port 3000.","timestamp":"2025-11-15 23:39:48"}
{"level":"info","message":"API entry point: /api","timestamp":"2025-11-15 23:39:48"}
{"level":"info","message":"Application configurations loaded into cache.","timestamp":"2025-11-15 23:40:17"}
{"level":"info","message":"PostgreSQL connected.","timestamp":"2025-11-15 23:40:17"}
{"level":"info","message":"Database connection established successfully.","timestamp":"2025-11-15 23:40:17"}
{"level":"info","message":"Server is running on port 3000.","timestamp":"2025-11-15 23:40:17"}
{"level":"info","message":"API entry point: /api","timestamp":"2025-11-15 23:40:17"}
